/*C72*/SET SCHEMA PUBLIC
CONNECT USER SA
/*C73*/SET SCHEMA PUBLIC
CONNECT USER SA
DISCONNECT
/*C74*/SET SCHEMA PUBLIC
CONNECT USER SA
DISCONNECT
/*C75*/SET SCHEMA PUBLIC
CONNECT USER SA
DISCONNECT
/*C76*/SET SCHEMA PUBLIC
CONNECT USER SA
DISCONNECT
/*C77*/SET SCHEMA PUBLIC
CONNECT USER SA
DISCONNECT
/*C78*/SET SCHEMA PUBLIC
CONNECT USER SA
INSERT INTO FUNCIONARIO VALUES(1,'nome','cpf','rg','M','tel','email','cid','MT ','end')
DISCONNECT
/*C79*/SET SCHEMA PUBLIC
CONNECT USER SA
DISCONNECT
/*C80*/SET SCHEMA PUBLIC
CONNECT USER SA
DISCONNECT
/*C81*/SET SCHEMA PUBLIC
CONNECT USER SA
DISCONNECT
/*C82*/SET SCHEMA PUBLIC
CONNECT USER SA
DISCONNECT
/*C83*/SET SCHEMA PUBLIC
CONNECT USER SA
INSERT INTO FUNCIONARIO VALUES(2,'dwadwa','','','F','','','','AC','')
DISCONNECT
/*C84*/SET SCHEMA PUBLIC
CONNECT USER SA
DISCONNECT
/*C85*/SET SCHEMA PUBLIC
CONNECT USER SA
DISCONNECT
/*C72*/INSERT INTO FUNCIONARIO VALUES(456,'1','1','1','1','1','1','1','1','1')
drop table funcionario
CREATE TABLE FUNCIONARIO\u000a(FUN_CODIGO INTEGER NOT NULL,\u000a FUN_NOME VARCHAR(50),\u000a FUN_CPF VARCHAR(20),\u000a FUN_RG VARCHAR(20),\u000a FUN_SEXO VARCHAR(2),\u000a FUN_TELEFONE VARCHAR(20),\u000a FUN_DATAADM VARCHAR(20),\u000a FUN_EMAIL VARCHAR(50),\u000a FUN_CIDADE VARCHAR(50),\u000a FUN_ESTADO VARCHAR(5),\u000a FUN_ENDERECO VARCHAR(50),\u000a PRIMARY KEY (FUN_CODIGO))
/*C86*/SET SCHEMA PUBLIC
CONNECT USER SA
DISCONNECT
/*C87*/SET SCHEMA PUBLIC
CONNECT USER SA
DISCONNECT
/*C88*/SET SCHEMA PUBLIC
CONNECT USER SA
INSERT INTO FUNCIONARIO VALUES(1,'daw','daw','wadaw','F','wad',NULL,'awd','awd','PI ','awd')
DISCONNECT
/*C89*/SET SCHEMA PUBLIC
CONNECT USER SA
DISCONNECT
/*C90*/SET SCHEMA PUBLIC
CONNECT USER SA
DISCONNECT
/*C91*/SET SCHEMA PUBLIC
CONNECT USER SA
DISCONNECT
/*C92*/SET SCHEMA PUBLIC
CONNECT USER SA
DISCONNECT
/*C93*/SET SCHEMA PUBLIC
CONNECT USER SA
DISCONNECT
/*C94*/SET SCHEMA PUBLIC
CONNECT USER SA
SET AUTOCOMMIT FALSE
DELETE FROM FUNCIONARIO WHERE FUN_CODIGO=1
INSERT INTO FUNCIONARIO VALUES(1,'dawvvvvvvvvv','daw','wadaw','F','wad',NULL,'awd','awd','PI ','awd')
SET AUTOCOMMIT TRUE
DISCONNECT
/*C95*/SET SCHEMA PUBLIC
CONNECT USER SA
DISCONNECT
/*C96*/SET SCHEMA PUBLIC
CONNECT USER SA
DISCONNECT
/*C97*/SET SCHEMA PUBLIC
CONNECT USER SA
SET AUTOCOMMIT FALSE
DELETE FROM FUNCIONARIO WHERE FUN_CODIGO=1
INSERT INTO FUNCIONARIO VALUES(1,'dawvvvvvvvvv','daw','wadaw','M','wad',NULL,'awd','awd','PI ','awd')
SET AUTOCOMMIT TRUE
DISCONNECT
/*C98*/SET SCHEMA PUBLIC
CONNECT USER SA
DISCONNECT
/*C99*/SET SCHEMA PUBLIC
CONNECT USER SA
DISCONNECT
/*C100*/SET SCHEMA PUBLIC
CONNECT USER SA
DISCONNECT
/*C101*/SET SCHEMA PUBLIC
CONNECT USER SA
DISCONNECT
/*C102*/SET SCHEMA PUBLIC
CONNECT USER SA
DISCONNECT
/*C103*/SET SCHEMA PUBLIC
CONNECT USER SA
DISCONNECT
/*C104*/SET SCHEMA PUBLIC
CONNECT USER SA
DISCONNECT
/*C105*/SET SCHEMA PUBLIC
CONNECT USER SA
DISCONNECT
/*C106*/SET SCHEMA PUBLIC
CONNECT USER SA
DISCONNECT
/*C107*/SET SCHEMA PUBLIC
CONNECT USER SA
DISCONNECT
/*C108*/SET SCHEMA PUBLIC
CONNECT USER SA
DISCONNECT
/*C109*/SET SCHEMA PUBLIC
CONNECT USER SA
DISCONNECT
/*C110*/SET SCHEMA PUBLIC
CONNECT USER SA
DISCONNECT
/*C111*/SET SCHEMA PUBLIC
CONNECT USER SA
DISCONNECT
/*C112*/SET SCHEMA PUBLIC
CONNECT USER SA
DISCONNECT
/*C113*/SET SCHEMA PUBLIC
CONNECT USER SA
DISCONNECT
/*C114*/SET SCHEMA PUBLIC
CONNECT USER SA
SET AUTOCOMMIT FALSE
DELETE FROM FUNCIONARIO WHERE FUN_CODIGO=1
INSERT INTO FUNCIONARIO VALUES(1,'dawvvvvvvvvv','daw','wadaw','F','wad',NULL,'awd','awd','PI ','awd')
SET AUTOCOMMIT TRUE
DISCONNECT
/*C115*/SET SCHEMA PUBLIC
CONNECT USER SA
DISCONNECT
/*C116*/SET SCHEMA PUBLIC
CONNECT USER SA
DISCONNECT
/*C117*/SET SCHEMA PUBLIC
CONNECT USER SA
SET AUTOCOMMIT FALSE
DELETE FROM FUNCIONARIO WHERE FUN_CODIGO=1
INSERT INTO FUNCIONARIO VALUES(1,'nome','cpf','rg','F','telefnoe','end','email','cida','SP ','end')
SET AUTOCOMMIT TRUE
DISCONNECT
/*C118*/SET SCHEMA PUBLIC
CONNECT USER SA
DISCONNECT
/*C119*/SET SCHEMA PUBLIC
CONNECT USER SA
DISCONNECT
/*C120*/SET SCHEMA PUBLIC
CONNECT USER SA
DISCONNECT
/*C121*/SET SCHEMA PUBLIC
CONNECT USER SA
DISCONNECT
/*C122*/SET SCHEMA PUBLIC
CONNECT USER SA
DELETE FROM FUNCIONARIO WHERE FUN_CODIGO=1
DISCONNECT
/*C123*/SET SCHEMA PUBLIC
CONNECT USER SA
DISCONNECT
